#
# There is insufficient memory for the Java Runtime Environment to continue.
# Native memory allocation (mmap) failed to map 264241152 bytes for G1 virtual space
# Possible reasons:
#   The system is out of physical RAM or swap space
#   The process is running with CompressedOops enabled, and the Java Heap may be blocking the growth of the native heap
# Possible solutions:
#   Reduce memory load on the system
#   Increase physical memory or swap space
#   Check if swap backing store is full
#   Decrease Java heap size (-Xmx/-Xms)
#   Decrease number of Java threads
#   Decrease Java thread stack sizes (-Xss)
#   Set larger code cache with -XX:ReservedCodeCacheSize=
#   JVM is running with Zero Based Compressed Oops mode in which the Java heap is
#     placed in the first 32GB address space. The Java Heap base address is the
#     maximum limit for the native heap growth. Please use -XX:HeapBaseMinAddress
#     to set the Java Heap base and to place the Java Heap above 32GB virtual address.
# This output file may be truncated or incomplete.
#
#  Out of Memory Error (os_windows.cpp:3825), pid=18556, tid=16064
#
# JRE version:  (17.0.10+1) (build )
# Java VM: OpenJDK 64-Bit Server VM (17.0.10+1-b1087.21, mixed mode, sharing, tiered, compressed oops, compressed class ptrs, g1 gc, windows-amd64)
# No core dump will be written. Minidumps are not enabled by default on client versions of Windows
#

---------------  S U M M A R Y ------------

Command Line: git4idea.http.GitAskPassApp Username for 'https://github.com': 

Host: 12th Gen Intel(R) Core(TM) i7-12700H, 20 cores, 15G,  Windows 11 , 64 bit Build 22621 (10.0.22621.5124)
Time: Sun May 11 16:43:29 2025  Windows 11 , 64 bit Build 22621 (10.0.22621.5124) elapsed time: 0.012539 seconds (0d 0h 0m 0s)

---------------  T H R E A D  ---------------

Current thread (0x0000026aaf9c2c80):  JavaThread "Unknown thread" [_thread_in_vm, id=16064, stack(0x0000009b55000000,0x0000009b55100000)]

Stack: [0x0000009b55000000,0x0000009b55100000]
Native frames: (J=compiled Java code, j=interpreted, Vv=VM code, C=native code)
V  [jvm.dll+0x688ac9]
V  [jvm.dll+0x84220a]
V  [jvm.dll+0x843e4e]
V  [jvm.dll+0x8444b3]
V  [jvm.dll+0x24ba8f]
V  [jvm.dll+0x685899]
V  [jvm.dll+0x67a14a]
V  [jvm.dll+0x30c7eb]
V  [jvm.dll+0x313c96]
V  [jvm.dll+0x363a2e]
V  [jvm.dll+0x363c5f]
V  [jvm.dll+0x2e25b8]
V  [jvm.dll+0x2e3524]
V  [jvm.dll+0x812d71]
V  [jvm.dll+0x3718e1]
V  [jvm.dll+0x7f18d6]
V  [jvm.dll+0x3f553f]
V  [jvm.dll+0x3f7171]
C  [jli.dll+0x528f]
C  [ucrtbase.dll+0x29333]
C  [KERNEL32.DLL+0x1259d]
C  [ntdll.dll+0x5af38]


---------------  P R O C E S S  ---------------

Threads class SMR info:
_java_thread_list=0x00007ff8ededef58, length=0, elements={
}

Java Threads: ( => current thread )

Other Threads:
  0x0000026aafa2edb0 GCTaskThread "GC Thread#0" [stack: 0x0000009b55100000,0x0000009b55200000] [id=30028]
  0x0000026accd83f80 ConcurrentGCThread "G1 Main Marker" [stack: 0x0000009b55200000,0x0000009b55300000] [id=5204]
  0x0000026accd849a0 ConcurrentGCThread "G1 Conc#0" [stack: 0x0000009b55300000,0x0000009b55400000] [id=17404]

[error occurred during error reporting (printing all threads), id 0xc0000005, EXCEPTION_ACCESS_VIOLATION (0xc0000005) at pc=0x00007ff8ed693187]

VM state: not at safepoint (not fully initialized)

VM Mutex/Monitor currently owned by a thread:  ([mutex/lock_event])
[0x0000026aaf9bf550] Heap_lock - owner thread: 0x0000026aaf9c2c80

Heap address: 0x0000000704400000, size: 4028 MB, Compressed Oops mode: Zero based, Oop shift amount: 3

CDS archive(s) mapped at: [0x0000000000000000-0x0000000000000000-0x0000000000000000), size 0, SharedBaseAddress: 0x0000000800000000, ArchiveRelocationMode: 1.
Narrow klass base: 0x0000000000000000, Narrow klass shift: 0, Narrow klass range: 0x0

GC Precious Log:
<Empty>

Heap:
 garbage-first heap   total 0K, used 0K [0x0000000704400000, 0x0000000800000000)
  region size 2048K, 0 young (0K), 0 survivors (0K)
 Metaspace       used 0K, committed 0K, reserved 0K
  class space    used 0K, committed 0K, reserved 0K

Heap Regions: E=young(eden), S=young(survivor), O=old, HS=humongous(starts), HC=humongous(continues), CS=collection set, F=free, OA=open archive, CA=closed archive, TAMS=top-at-mark-start (previous, next)

Card table byte_map: [0x0000026ac3ee0000,0x0000026ac46c0000] _byte_map_base: 0x0000026ac06be000

Marking Bits (Prev, Next): (CMBitMap*) 0x0000026aafa2f3d0, (CMBitMap*) 0x0000026aafa2f410
 Prev Bits: [0x0000026ac4ea0000, 0x0000026ac8d90000)
 Next Bits: [0x0000026ac8d90000, 0x0000026accc80000)

GC Heap History (0 events):
No events

Dll operation events (1 events):
Event: 0.007 Loaded shared library D:\idea\IntelliJ IDEA 2023.3.5\jbr\bin\java.dll

Deoptimization events (0 events):
No events

Classes unloaded (0 events):
No events

Classes redefined (0 events):
No events

Internal exceptions (0 events):
No events

VM Operations (0 events):
No events

Events (0 events):
No events


Dynamic libraries:
0x00007ff791350000 - 0x00007ff79135a000 	D:\idea\IntelliJ IDEA 2023.3.5\jbr\bin\java.exe
0x00007ff955f90000 - 0x00007ff9561a7000 	C:\WINDOWS\SYSTEM32\ntdll.dll
0x00007ff955ab0000 - 0x00007ff955b74000 	C:\WINDOWS\System32\KERNEL32.DLL
0x00007ff953850000 - 0x00007ff953c23000 	C:\WINDOWS\System32\KERNELBASE.dll
0x00007ff94a590000 - 0x00007ff94a627000 	C:\WINDOWS\SYSTEM32\apphelp.dll
0x00007ff953330000 - 0x00007ff953441000 	C:\WINDOWS\System32\ucrtbase.dll
0x00007ff94a930000 - 0x00007ff94a947000 	D:\idea\IntelliJ IDEA 2023.3.5\jbr\bin\jli.dll
0x00007ff953d70000 - 0x00007ff953f21000 	C:\WINDOWS\System32\USER32.dll
0x00007ff9536d0000 - 0x00007ff9536f6000 	C:\WINDOWS\System32\win32u.dll
0x00007ff953fe0000 - 0x00007ff954009000 	C:\WINDOWS\System32\GDI32.dll
0x00007ff934c40000 - 0x00007ff934ed8000 	C:\WINDOWS\WinSxS\amd64_microsoft.windows.common-controls_6595b64144ccf1df_6.0.22621.5124_none_270e8f4f7386d69d\COMCTL32.dll
0x00007ff953730000 - 0x00007ff95384b000 	C:\WINDOWS\System32\gdi32full.dll
0x00007ff93b1a0000 - 0x00007ff93b1bb000 	D:\idea\IntelliJ IDEA 2023.3.5\jbr\bin\VCRUNTIME140.dll
0x00007ff953cc0000 - 0x00007ff953d67000 	C:\WINDOWS\System32\msvcrt.dll
0x00007ff9530a0000 - 0x00007ff95313a000 	C:\WINDOWS\System32\msvcp_win.dll
0x00007ff9542e0000 - 0x00007ff954311000 	C:\WINDOWS\System32\IMM32.DLL
0x000000005a650000 - 0x000000005a65d000 	D:\fjwtmp\360Safe\safemon\SafeWrapper.dll
0x00007ff954030000 - 0x00007ff9540e1000 	C:\WINDOWS\System32\ADVAPI32.dll
0x00007ff953f30000 - 0x00007ff953fd8000 	C:\WINDOWS\System32\sechost.dll
0x00007ff953700000 - 0x00007ff953728000 	C:\WINDOWS\System32\bcrypt.dll
0x00007ff955d40000 - 0x00007ff955e54000 	C:\WINDOWS\System32\RPCRT4.dll
0x00007ff93b720000 - 0x00007ff93b825000 	D:\fjwtmp\360Safe\safemon\libzdtp64.dll
0x00007ff955180000 - 0x00007ff955a16000 	C:\WINDOWS\System32\SHELL32.dll
0x00007ff953590000 - 0x00007ff9536cf000 	C:\WINDOWS\System32\wintypes.dll
0x00007ff954800000 - 0x00007ff954b92000 	C:\WINDOWS\System32\combase.dll
0x00007ff954270000 - 0x00007ff9542d3000 	C:\WINDOWS\System32\SHLWAPI.dll
0x00007ff952cc0000 - 0x00007ff952cca000 	C:\WINDOWS\SYSTEM32\VERSION.dll
0x00007ff94ac10000 - 0x00007ff94ac1c000 	D:\idea\IntelliJ IDEA 2023.3.5\jbr\bin\vcruntime140_1.dll
0x00007ff939a30000 - 0x00007ff939abd000 	D:\idea\IntelliJ IDEA 2023.3.5\jbr\bin\msvcp140.dll
0x00007ff8ed3a0000 - 0x00007ff8ee023000 	D:\idea\IntelliJ IDEA 2023.3.5\jbr\bin\server\jvm.dll
0x00007ff926a80000 - 0x00007ff926a89000 	C:\WINDOWS\SYSTEM32\WSOCK32.dll
0x00007ff951e30000 - 0x00007ff951e7d000 	C:\WINDOWS\SYSTEM32\POWRPROF.dll
0x00007ff9540f0000 - 0x00007ff954161000 	C:\WINDOWS\System32\WS2_32.dll
0x00007ff948ca0000 - 0x00007ff948cd4000 	C:\WINDOWS\SYSTEM32\WINMM.dll
0x00007ff951e10000 - 0x00007ff951e23000 	C:\WINDOWS\SYSTEM32\UMPDC.dll
0x00007ff9520d0000 - 0x00007ff9520e8000 	C:\WINDOWS\SYSTEM32\kernel.appcore.dll
0x00007ff94aa10000 - 0x00007ff94aa1a000 	D:\idea\IntelliJ IDEA 2023.3.5\jbr\bin\jimage.dll
0x00007ff950760000 - 0x00007ff950992000 	C:\WINDOWS\SYSTEM32\DBGHELP.DLL
0x00007ff954180000 - 0x00007ff954257000 	C:\WINDOWS\System32\OLEAUT32.dll
0x00007ff92ef10000 - 0x00007ff92ef42000 	C:\WINDOWS\SYSTEM32\dbgcore.DLL
0x00007ff953140000 - 0x00007ff9531bb000 	C:\WINDOWS\System32\bcryptPrimitives.dll
0x00007ff93d070000 - 0x00007ff93d095000 	D:\idea\IntelliJ IDEA 2023.3.5\jbr\bin\java.dll

dbghelp: loaded successfully - version: 4.0.5 - missing functions: none
symbol engine: initialized successfully - sym options: 0x614 - pdb path: .;D:\idea\IntelliJ IDEA 2023.3.5\jbr\bin;C:\WINDOWS\SYSTEM32;C:\WINDOWS\WinSxS\amd64_microsoft.windows.common-controls_6595b64144ccf1df_6.0.22621.5124_none_270e8f4f7386d69d;D:\fjwtmp\360Safe\safemon;D:\idea\IntelliJ IDEA 2023.3.5\jbr\bin\server

VM Arguments:
java_command: git4idea.http.GitAskPassApp Username for 'https://github.com': 
java_class_path (initial): D:/idea/IntelliJ IDEA 2023.3.5/plugins/vcs-git/lib/git4idea-rt.jar;D:/idea/IntelliJ IDEA 2023.3.5/lib/externalProcess-rt.jar
Launcher Type: SUN_STANDARD

[Global flags]
     intx CICompilerCount                          = 12                                        {product} {ergonomic}
     uint ConcGCThreads                            = 4                                         {product} {ergonomic}
     uint G1ConcRefinementThreads                  = 15                                        {product} {ergonomic}
   size_t G1HeapRegionSize                         = 2097152                                   {product} {ergonomic}
    uintx GCDrainStackTargetSize                   = 64                                        {product} {ergonomic}
   size_t InitialHeapSize                          = 264241152                                 {product} {ergonomic}
   size_t MarkStackSize                            = 4194304                                   {product} {ergonomic}
   size_t MaxHeapSize                              = 4223664128                                {product} {ergonomic}
   size_t MinHeapDeltaBytes                        = 2097152                                   {product} {ergonomic}
   size_t MinHeapSize                              = 8388608                                   {product} {ergonomic}
    uintx NonNMethodCodeHeapSize                   = 7602480                                {pd product} {ergonomic}
    uintx NonProfiledCodeHeapSize                  = 122027880                              {pd product} {ergonomic}
    uintx ProfiledCodeHeapSize                     = 122027880                              {pd product} {ergonomic}
    uintx ReservedCodeCacheSize                    = 251658240                              {pd product} {ergonomic}
     bool SegmentedCodeCache                       = true                                      {product} {ergonomic}
   size_t SoftMaxHeapSize                          = 4223664128                             {manageable} {ergonomic}
     bool UseCompressedClassPointers               = true                           {product lp64_product} {ergonomic}
     bool UseCompressedOops                        = true                           {product lp64_product} {ergonomic}
     bool UseG1GC                                  = true                                      {product} {ergonomic}
     bool UseLargePagesIndividualAllocation        = false                                  {pd product} {ergonomic}

Logging:
Log output configuration:
 #0: stdout all=warning uptime,level,tags
 #1: stderr all=off uptime,level,tags

Environment Variables:
JAVA_HOME=D:\bigdata\jdk\jdk8
CLASSPATH=.;D:\bigdata\jdk\jdk8\lib;D:\bigdata\jdk\jdk8\lib\tools.jar
PATH=C:/Program Files/Git/mingw64/libexec/git-core;C:/Program Files/Git/mingw64/libexec/git-core;C:\Program Files\Git\mingw64\bin;C:\Program Files\Git\usr\bin;C:\Users\20221\bin;e:\cursor\resources\app\bin;E:\VMwork\bin\;C:\Program Files\Common Files\Oracle\Java\javapath;C:\Windows\System32\HWAudioDriverLibs;C:\Windows\system32;C:\Windows;C:\Windows\System32\Wbem;C:\Windows\System32\WindowsPowerShell\v1.0\;C:\Windows\System32\OpenSSH\;C:\Users\Administrator\AppData\Local\Microsoft\WindowsApps;C:\mingw64\bin;C:\WINDOWS\system32;C:\WINDOWS;C:\WINDOWS\System32\Wbem;C:\WINDOWS\System32\WindowsPowerShell\v1.0\;C:\WINDOWS\System32\OpenSSH\;D:\matlab\runtime\win64;D:\matlab\bin;C:\Program Files\Wolfram Research\WolframScript\;C:\WINDOWS\system32\config\systemprofile\AppData\Local\Microsoft\WindowsApps;C:\windows\system32\HWAudioDriver\;C:\CodeBlocks\MinGW\bin;D:\tomcat\apache-tomcat-8.5.100\bin;E:\jdk17\JDK17\bin;E:\jdk17\JDK17\jre\bin;D:\nodeJS\;C:\Users\20221\anaconda3;C:\Users\20221\anaconda3\Library;C:\Users\20221\anaconda3\Scripts;D:\bigdata\hadoop-3.3.4\bin;D:\bigdata\hadoop-3.3.4\sbin;E:\neo4j-community-5.25.1-windows\neo4j-community-5.25.1\bin;C:\Users\20221\AppData\Local\Microsoft\;C:\Users\20221\AppData\Local\Microsoft\WindowsApps;C:\Users\20221\AppData\Local\Programs\Microsoft VS Code\bin;C:\Users\20221\AppData\Roaming\npm;E:\cursor\resources\app\bin
USERNAME=20221
DISPLAY=:0.0
LC_ALL=en_US.UTF-8
TERM=xterm-256color
TMPDIR=C:\Users\20221\AppData\Local\Temp
OS=Windows_NT
PROCESSOR_IDENTIFIER=Intel64 Family 6 Model 154 Stepping 3, GenuineIntel
TMP=C:\Users\20221\AppData\Local\Temp
TEMP=C:\Users\20221\AppData\Local\Temp



Periodic native trim disabled

JNI global refs:
JNI global refs: 0, weak refs: 0

JNI global refs memory usage: 0, weak refs: 0

OOME stack traces (most recent first):
Classloader memory used:


---------------  S Y S T E M  ---------------

OS:
 Windows 11 , 64 bit Build 22621 (10.0.22621.5124)
OS uptime: 12 days 8:19 hours
Hyper-V role detected

CPU: total 20 (initial active 20) (10 cores per cpu, 2 threads per core) family 6 model 154 stepping 3 microcode 0x41e, cx8, cmov, fxsr, ht, mmx, 3dnowpref, sse, sse2, sse3, ssse3, sse4.1, sse4.2, popcnt, lzcnt, tsc, tscinvbit, avx, avx2, aes, erms, clmul, bmi1, bmi2, adx, sha, fma, vzeroupper, clflush, clflushopt, clwb, hv
Processor Information for processor 0
  Max Mhz: 2300, Current Mhz: 2300, Mhz Limit: 2300
Processor Information for processor 1
  Max Mhz: 2300, Current Mhz: 2300, Mhz Limit: 2300
Processor Information for processor 2
  Max Mhz: 2300, Current Mhz: 2300, Mhz Limit: 2300
Processor Information for processor 3
  Max Mhz: 2300, Current Mhz: 2300, Mhz Limit: 2300
Processor Information for processor 4
  Max Mhz: 2300, Current Mhz: 2300, Mhz Limit: 2300
Processor Information for processor 5
  Max Mhz: 2300, Current Mhz: 2300, Mhz Limit: 2300
Processor Information for processor 6
  Max Mhz: 2300, Current Mhz: 2300, Mhz Limit: 2300
Processor Information for processor 7
  Max Mhz: 2300, Current Mhz: 2300, Mhz Limit: 2300
Processor Information for processor 8
  Max Mhz: 2300, Current Mhz: 2300, Mhz Limit: 2300
Processor Information for processor 9
  Max Mhz: 2300, Current Mhz: 2300, Mhz Limit: 2300
Processor Information for processor 10
  Max Mhz: 2300, Current Mhz: 2300, Mhz Limit: 2300
Processor Information for processor 11
  Max Mhz: 2300, Current Mhz: 2300, Mhz Limit: 2300
Processor Information for processor 12
  Max Mhz: 2300, Current Mhz: 1500, Mhz Limit: 1679
Processor Information for processor 13
  Max Mhz: 2300, Current Mhz: 1500, Mhz Limit: 1679
Processor Information for processor 14
  Max Mhz: 2300, Current Mhz: 1700, Mhz Limit: 1679
Processor Information for processor 15
  Max Mhz: 2300, Current Mhz: 1500, Mhz Limit: 1679
Processor Information for processor 16
  Max Mhz: 2300, Current Mhz: 1700, Mhz Limit: 1679
Processor Information for processor 17
  Max Mhz: 2300, Current Mhz: 1500, Mhz Limit: 1679
Processor Information for processor 18
  Max Mhz: 2300, Current Mhz: 1700, Mhz Limit: 1679
Processor Information for processor 19
  Max Mhz: 2300, Current Mhz: 1500, Mhz Limit: 1679

Memory: 4k page, system-wide physical 16110M (1647M free)
TotalPageFile size 16110M (AvailPageFile size 218M)
current process WorkingSet (physical memory assigned to process): 14M, peak: 14M
current process commit charge ("private bytes"): 75M, peak: 327M

vm_info: OpenJDK 64-Bit Server VM (17.0.10+1-b1087.21) for windows-amd64 JRE (17.0.10+1-b1087.21), built on 2024-03-02 by "builduser" with MS VC++ 16.10 / 16.11 (VS2019)

END.
